D:\OHLBERG\02_DIPLOMARBEIT\30_VISUALSTUDIO\CLASSIFICATIONCLIENT_120524\DEBUG\CLASSIFICATIONCLIENT.EXE
D:\OHLBERG\02_DIPLOMARBEIT\30_VISUALSTUDIO\CLASSIFICATIONCLIENT_120524\DEBUG\CLASSIFICATIONCLIENT.ILK
D:\OHLBERG\02_DIPLOMARBEIT\30_VISUALSTUDIO\CLASSIFICATIONCLIENT_120524\DEBUG\CLASSIFICATIONCLIENT.PDB
D:\OHLBERG\02_DIPLOMARBEIT\30_VISUALSTUDIO\CLASSIFICATIONCLIENT_120524\ROBOKID_CONTROL\DEBUG\ACCESSEXCEL.OBJ
D:\OHLBERG\02_DIPLOMARBEIT\30_VISUALSTUDIO\CLASSIFICATIONCLIENT_120524\ROBOKID_CONTROL\DEBUG\APP.RES
D:\OHLBERG\02_DIPLOMARBEIT\30_VISUALSTUDIO\CLASSIFICATIONCLIENT_120524\ROBOKID_CONTROL\DEBUG\ASSEMBLYINFO.OBJ
D:\OHLBERG\02_DIPLOMARBEIT\30_VISUALSTUDIO\CLASSIFICATIONCLIENT_120524\ROBOKID_CONTROL\DEBUG\CLASSIFICATIONCLIENT.EXE.INTERMEDIATE.MANIFEST
D:\OHLBERG\02_DIPLOMARBEIT\30_VISUALSTUDIO\CLASSIFICATIONCLIENT_120524\ROBOKID_CONTROL\DEBUG\CLASSIFICATIONCLIENT.PCH
D:\OHLBERG\02_DIPLOMARBEIT\30_VISUALSTUDIO\CLASSIFICATIONCLIENT_120524\ROBOKID_CONTROL\DEBUG\CLASSIFICATIONDRIVER.OBJ
D:\OHLBERG\02_DIPLOMARBEIT\30_VISUALSTUDIO\CLASSIFICATIONCLIENT_120524\ROBOKID_CONTROL\DEBUG\CONTROLFORM.OBJ
D:\OHLBERG\02_DIPLOMARBEIT\30_VISUALSTUDIO\CLASSIFICATIONCLIENT_120524\ROBOKID_CONTROL\DEBUG\MAPFORM.OBJ
D:\OHLBERG\02_DIPLOMARBEIT\30_VISUALSTUDIO\CLASSIFICATIONCLIENT_120524\ROBOKID_CONTROL\DEBUG\ROBOKID_CONTROL.FORM1.RESOURCES
D:\OHLBERG\02_DIPLOMARBEIT\30_VISUALSTUDIO\CLASSIFICATIONCLIENT_120524\ROBOKID_CONTROL\DEBUG\ROBOKID_CONTROL.MAPFORM.RESOURCES
D:\OHLBERG\02_DIPLOMARBEIT\30_VISUALSTUDIO\CLASSIFICATIONCLIENT_120524\ROBOKID_CONTROL\DEBUG\ROBOKID_CONTROL.SHOWSTATISTICSFORM.RESOURCES
D:\OHLBERG\02_DIPLOMARBEIT\30_VISUALSTUDIO\CLASSIFICATIONCLIENT_120524\ROBOKID_CONTROL\DEBUG\SHOWSTATISTICSFORM.OBJ
D:\OHLBERG\02_DIPLOMARBEIT\30_VISUALSTUDIO\CLASSIFICATIONCLIENT_120524\ROBOKID_CONTROL\DEBUG\STDAFX.OBJ
D:\OHLBERG\02_DIPLOMARBEIT\30_VISUALSTUDIO\CLASSIFICATIONCLIENT_120524\ROBOKID_CONTROL\DEBUG\VC100.PDB
D:\OHLBERG\02_DIPLOMARBEIT\30_VISUALSTUDIO\CLASSIFICATIONCLIENT_120608\DEBUG\CLASSIFICATIONCLIENT.EXE
D:\OHLBERG\02_DIPLOMARBEIT\30_VISUALSTUDIO\CLASSIFICATIONCLIENT_120608\DEBUG\CLASSIFICATIONCLIENT.ILK
D:\OHLBERG\02_DIPLOMARBEIT\30_VISUALSTUDIO\CLASSIFICATIONCLIENT_120608\DEBUG\CLASSIFICATIONCLIENT.PDB
D:\OHLBERG\02_DIPLOMARBEIT\30_VISUALSTUDIO\CLASSIFICATIONCLIENT_120608\ROBOKID_CONTROL\DEBUG\ACCESSEXCEL.OBJ
D:\OHLBERG\02_DIPLOMARBEIT\30_VISUALSTUDIO\CLASSIFICATIONCLIENT_120608\ROBOKID_CONTROL\DEBUG\APP.RES
D:\OHLBERG\02_DIPLOMARBEIT\30_VISUALSTUDIO\CLASSIFICATIONCLIENT_120608\ROBOKID_CONTROL\DEBUG\ASSEMBLYINFO.OBJ
D:\OHLBERG\02_DIPLOMARBEIT\30_VISUALSTUDIO\CLASSIFICATIONCLIENT_120608\ROBOKID_CONTROL\DEBUG\CLASSIFICATIONCLIENT.EXE.INTERMEDIATE.MANIFEST
D:\OHLBERG\02_DIPLOMARBEIT\30_VISUALSTUDIO\CLASSIFICATIONCLIENT_120608\ROBOKID_CONTROL\DEBUG\CLASSIFICATIONCLIENT.PCH
D:\OHLBERG\02_DIPLOMARBEIT\30_VISUALSTUDIO\CLASSIFICATIONCLIENT_120608\ROBOKID_CONTROL\DEBUG\CLASSIFICATIONDRIVER.OBJ
D:\OHLBERG\02_DIPLOMARBEIT\30_VISUALSTUDIO\CLASSIFICATIONCLIENT_120608\ROBOKID_CONTROL\DEBUG\CONTROLFORM.OBJ
D:\OHLBERG\02_DIPLOMARBEIT\30_VISUALSTUDIO\CLASSIFICATIONCLIENT_120608\ROBOKID_CONTROL\DEBUG\MAPFORM.OBJ
D:\OHLBERG\02_DIPLOMARBEIT\30_VISUALSTUDIO\CLASSIFICATIONCLIENT_120608\ROBOKID_CONTROL\DEBUG\ROBOKID_CONTROL.FORM1.RESOURCES
D:\OHLBERG\02_DIPLOMARBEIT\30_VISUALSTUDIO\CLASSIFICATIONCLIENT_120608\ROBOKID_CONTROL\DEBUG\ROBOKID_CONTROL.MAPFORM.RESOURCES
D:\OHLBERG\02_DIPLOMARBEIT\30_VISUALSTUDIO\CLASSIFICATIONCLIENT_120608\ROBOKID_CONTROL\DEBUG\ROBOKID_CONTROL.SHOWSTATISTICSFORM.RESOURCES
D:\OHLBERG\02_DIPLOMARBEIT\30_VISUALSTUDIO\CLASSIFICATIONCLIENT_120608\ROBOKID_CONTROL\DEBUG\SHOWSTATISTICSFORM.OBJ
D:\OHLBERG\02_DIPLOMARBEIT\30_VISUALSTUDIO\CLASSIFICATIONCLIENT_120608\ROBOKID_CONTROL\DEBUG\STDAFX.OBJ
D:\OHLBERG\02_DIPLOMARBEIT\30_VISUALSTUDIO\CLASSIFICATIONCLIENT_120608\ROBOKID_CONTROL\DEBUG\VC100.PDB
D:\OHLBERG\02_DIPLOMARBEIT\30_VISUALSTUDIO\CLASSIFICATIONCLIENT_120613\DEBUG\CLASSIFICATIONCLIENT.EXE
D:\OHLBERG\02_DIPLOMARBEIT\30_VISUALSTUDIO\CLASSIFICATIONCLIENT_120613\DEBUG\CLASSIFICATIONCLIENT.ILK
D:\OHLBERG\02_DIPLOMARBEIT\30_VISUALSTUDIO\CLASSIFICATIONCLIENT_120613\DEBUG\CLASSIFICATIONCLIENT.PDB
D:\OHLBERG\02_DIPLOMARBEIT\30_VISUALSTUDIO\CLASSIFICATIONCLIENT_120613\ROBOKID_CONTROL\DEBUG\.NETFRAMEWORK,VERSION=V4.0.ASSEMBLYATTRIBUTES.OBJ
D:\OHLBERG\02_DIPLOMARBEIT\30_VISUALSTUDIO\CLASSIFICATIONCLIENT_120613\ROBOKID_CONTROL\DEBUG\ACCESSEXCEL.OBJ
D:\OHLBERG\02_DIPLOMARBEIT\30_VISUALSTUDIO\CLASSIFICATIONCLIENT_120613\ROBOKID_CONTROL\DEBUG\APP.RES
D:\OHLBERG\02_DIPLOMARBEIT\30_VISUALSTUDIO\CLASSIFICATIONCLIENT_120613\ROBOKID_CONTROL\DEBUG\ASSEMBLYINFO.OBJ
D:\Ohlberg\02_Diplomarbeit\30_visualStudio\classificationClient_120613\robokid_control\Debug\cl.command.1.tlog
D:\Ohlberg\02_Diplomarbeit\30_visualStudio\classificationClient_120613\robokid_control\Debug\CL.read.1.tlog
D:\Ohlberg\02_Diplomarbeit\30_visualStudio\classificationClient_120613\robokid_control\Debug\CL.write.1.tlog
D:\OHLBERG\02_DIPLOMARBEIT\30_VISUALSTUDIO\CLASSIFICATIONCLIENT_120613\ROBOKID_CONTROL\DEBUG\CLASSIFICATIONCLIENT.EXE.INTERMEDIATE.MANIFEST
D:\OHLBERG\02_DIPLOMARBEIT\30_VISUALSTUDIO\CLASSIFICATIONCLIENT_120613\ROBOKID_CONTROL\DEBUG\CLASSIFICATIONCLIENT.PCH
D:\Ohlberg\02_Diplomarbeit\30_visualStudio\classificationClient_120613\robokid_control\Debug\classificationClient.write.1.tlog
D:\OHLBERG\02_DIPLOMARBEIT\30_VISUALSTUDIO\CLASSIFICATIONCLIENT_120613\ROBOKID_CONTROL\DEBUG\CLASSIFICATIONDRIVER.OBJ
D:\OHLBERG\02_DIPLOMARBEIT\30_VISUALSTUDIO\CLASSIFICATIONCLIENT_120613\ROBOKID_CONTROL\DEBUG\CONTROLFORM.OBJ
D:\Ohlberg\02_Diplomarbeit\30_visualStudio\classificationClient_120613\robokid_control\Debug\excel.tlh
D:\Ohlberg\02_Diplomarbeit\30_visualStudio\classificationClient_120613\robokid_control\Debug\excel.tli
D:\Ohlberg\02_Diplomarbeit\30_visualStudio\classificationClient_120613\robokid_control\Debug\GenerateResource.read.1.tlog
D:\Ohlberg\02_Diplomarbeit\30_visualStudio\classificationClient_120613\robokid_control\Debug\GenerateResource.read.14.tlog
D:\Ohlberg\02_Diplomarbeit\30_visualStudio\classificationClient_120613\robokid_control\Debug\GenerateResource.read.19.tlog
D:\Ohlberg\02_Diplomarbeit\30_visualStudio\classificationClient_120613\robokid_control\Debug\GenerateResource.read.26.tlog
D:\Ohlberg\02_Diplomarbeit\30_visualStudio\classificationClient_120613\robokid_control\Debug\GenerateResource.read.34.tlog
D:\Ohlberg\02_Diplomarbeit\30_visualStudio\classificationClient_120613\robokid_control\Debug\GenerateResource.read.40.tlog
D:\Ohlberg\02_Diplomarbeit\30_visualStudio\classificationClient_120613\robokid_control\Debug\GenerateResource.read.5.tlog
D:\Ohlberg\02_Diplomarbeit\30_visualStudio\classificationClient_120613\robokid_control\Debug\GenerateResource.write.1.tlog
D:\Ohlberg\02_Diplomarbeit\30_visualStudio\classificationClient_120613\robokid_control\Debug\GenerateResource.write.14.tlog
D:\Ohlberg\02_Diplomarbeit\30_visualStudio\classificationClient_120613\robokid_control\Debug\GenerateResource.write.19.tlog
D:\Ohlberg\02_Diplomarbeit\30_visualStudio\classificationClient_120613\robokid_control\Debug\GenerateResource.write.26.tlog
D:\Ohlberg\02_Diplomarbeit\30_visualStudio\classificationClient_120613\robokid_control\Debug\GenerateResource.write.34.tlog
D:\Ohlberg\02_Diplomarbeit\30_visualStudio\classificationClient_120613\robokid_control\Debug\GenerateResource.write.40.tlog
D:\Ohlberg\02_Diplomarbeit\30_visualStudio\classificationClient_120613\robokid_control\Debug\GenerateResource.write.5.tlog
D:\Ohlberg\02_Diplomarbeit\30_visualStudio\classificationClient_120613\robokid_control\Debug\link.1304.read.1.tlog
D:\Ohlberg\02_Diplomarbeit\30_visualStudio\classificationClient_120613\robokid_control\Debug\link.1304.write.1.tlog
D:\Ohlberg\02_Diplomarbeit\30_visualStudio\classificationClient_120613\robokid_control\Debug\link.1304-cvtres.read.1.tlog
D:\Ohlberg\02_Diplomarbeit\30_visualStudio\classificationClient_120613\robokid_control\Debug\link.1304-cvtres.write.1.tlog
D:\Ohlberg\02_Diplomarbeit\30_visualStudio\classificationClient_120613\robokid_control\Debug\link.1324.read.1.tlog
D:\Ohlberg\02_Diplomarbeit\30_visualStudio\classificationClient_120613\robokid_control\Debug\link.1324.write.1.tlog
D:\Ohlberg\02_Diplomarbeit\30_visualStudio\classificationClient_120613\robokid_control\Debug\link.1324-cvtres.read.1.tlog
D:\Ohlberg\02_Diplomarbeit\30_visualStudio\classificationClient_120613\robokid_control\Debug\link.1324-cvtres.write.1.tlog
D:\Ohlberg\02_Diplomarbeit\30_visualStudio\classificationClient_120613\robokid_control\Debug\link.1784.read.1.tlog
D:\Ohlberg\02_Diplomarbeit\30_visualStudio\classificationClient_120613\robokid_control\Debug\link.1784.write.1.tlog
D:\Ohlberg\02_Diplomarbeit\30_visualStudio\classificationClient_120613\robokid_control\Debug\link.1784-cvtres.read.1.tlog
D:\Ohlberg\02_Diplomarbeit\30_visualStudio\classificationClient_120613\robokid_control\Debug\link.1784-cvtres.write.1.tlog
D:\Ohlberg\02_Diplomarbeit\30_visualStudio\classificationClient_120613\robokid_control\Debug\link.1984.read.1.tlog
D:\Ohlberg\02_Diplomarbeit\30_visualStudio\classificationClient_120613\robokid_control\Debug\link.1984.write.1.tlog
D:\Ohlberg\02_Diplomarbeit\30_visualStudio\classificationClient_120613\robokid_control\Debug\link.1984-cvtres.read.1.tlog
D:\Ohlberg\02_Diplomarbeit\30_visualStudio\classificationClient_120613\robokid_control\Debug\link.1984-cvtres.write.1.tlog
D:\Ohlberg\02_Diplomarbeit\30_visualStudio\classificationClient_120613\robokid_control\Debug\link.2192.read.1.tlog
D:\Ohlberg\02_Diplomarbeit\30_visualStudio\classificationClient_120613\robokid_control\Debug\link.2192.write.1.tlog
D:\Ohlberg\02_Diplomarbeit\30_visualStudio\classificationClient_120613\robokid_control\Debug\link.2192-cvtres.read.1.tlog
D:\Ohlberg\02_Diplomarbeit\30_visualStudio\classificationClient_120613\robokid_control\Debug\link.2192-cvtres.write.1.tlog
D:\Ohlberg\02_Diplomarbeit\30_visualStudio\classificationClient_120613\robokid_control\Debug\link.236.read.1.tlog
D:\Ohlberg\02_Diplomarbeit\30_visualStudio\classificationClient_120613\robokid_control\Debug\link.236.write.1.tlog
D:\Ohlberg\02_Diplomarbeit\30_visualStudio\classificationClient_120613\robokid_control\Debug\link.236-cvtres.read.1.tlog
D:\Ohlberg\02_Diplomarbeit\30_visualStudio\classificationClient_120613\robokid_control\Debug\link.236-cvtres.write.1.tlog
D:\Ohlberg\02_Diplomarbeit\30_visualStudio\classificationClient_120613\robokid_control\Debug\link.2388.read.1.tlog
D:\Ohlberg\02_Diplomarbeit\30_visualStudio\classificationClient_120613\robokid_control\Debug\link.2388.write.1.tlog
D:\Ohlberg\02_Diplomarbeit\30_visualStudio\classificationClient_120613\robokid_control\Debug\link.2388-cvtres.read.1.tlog
D:\Ohlberg\02_Diplomarbeit\30_visualStudio\classificationClient_120613\robokid_control\Debug\link.2388-cvtres.write.1.tlog
D:\Ohlberg\02_Diplomarbeit\30_visualStudio\classificationClient_120613\robokid_control\Debug\link.2456.read.1.tlog
D:\Ohlberg\02_Diplomarbeit\30_visualStudio\classificationClient_120613\robokid_control\Debug\link.2456.write.1.tlog
D:\Ohlberg\02_Diplomarbeit\30_visualStudio\classificationClient_120613\robokid_control\Debug\link.2456-cvtres.read.1.tlog
D:\Ohlberg\02_Diplomarbeit\30_visualStudio\classificationClient_120613\robokid_control\Debug\link.2456-cvtres.write.1.tlog
D:\Ohlberg\02_Diplomarbeit\30_visualStudio\classificationClient_120613\robokid_control\Debug\link.2620.read.1.tlog
D:\Ohlberg\02_Diplomarbeit\30_visualStudio\classificationClient_120613\robokid_control\Debug\link.2620.write.1.tlog
D:\Ohlberg\02_Diplomarbeit\30_visualStudio\classificationClient_120613\robokid_control\Debug\link.2620-cvtres.read.1.tlog
D:\Ohlberg\02_Diplomarbeit\30_visualStudio\classificationClient_120613\robokid_control\Debug\link.2620-cvtres.write.1.tlog
D:\Ohlberg\02_Diplomarbeit\30_visualStudio\classificationClient_120613\robokid_control\Debug\link.3024.read.1.tlog
D:\Ohlberg\02_Diplomarbeit\30_visualStudio\classificationClient_120613\robokid_control\Debug\link.3024.write.1.tlog
D:\Ohlberg\02_Diplomarbeit\30_visualStudio\classificationClient_120613\robokid_control\Debug\link.3024-cvtres.read.1.tlog
D:\Ohlberg\02_Diplomarbeit\30_visualStudio\classificationClient_120613\robokid_control\Debug\link.3024-cvtres.write.1.tlog
D:\Ohlberg\02_Diplomarbeit\30_visualStudio\classificationClient_120613\robokid_control\Debug\link.3192.read.1.tlog
D:\Ohlberg\02_Diplomarbeit\30_visualStudio\classificationClient_120613\robokid_control\Debug\link.3192.write.1.tlog
D:\Ohlberg\02_Diplomarbeit\30_visualStudio\classificationClient_120613\robokid_control\Debug\link.3192-cvtres.read.1.tlog
D:\Ohlberg\02_Diplomarbeit\30_visualStudio\classificationClient_120613\robokid_control\Debug\link.3192-cvtres.write.1.tlog
D:\Ohlberg\02_Diplomarbeit\30_visualStudio\classificationClient_120613\robokid_control\Debug\link.3280.read.1.tlog
D:\Ohlberg\02_Diplomarbeit\30_visualStudio\classificationClient_120613\robokid_control\Debug\link.3280.write.1.tlog
D:\Ohlberg\02_Diplomarbeit\30_visualStudio\classificationClient_120613\robokid_control\Debug\link.3280-cvtres.read.1.tlog
D:\Ohlberg\02_Diplomarbeit\30_visualStudio\classificationClient_120613\robokid_control\Debug\link.3280-cvtres.write.1.tlog
D:\Ohlberg\02_Diplomarbeit\30_visualStudio\classificationClient_120613\robokid_control\Debug\link.3388.read.1.tlog
D:\Ohlberg\02_Diplomarbeit\30_visualStudio\classificationClient_120613\robokid_control\Debug\link.3388.write.1.tlog
D:\Ohlberg\02_Diplomarbeit\30_visualStudio\classificationClient_120613\robokid_control\Debug\link.3388-cvtres.read.1.tlog
D:\Ohlberg\02_Diplomarbeit\30_visualStudio\classificationClient_120613\robokid_control\Debug\link.3388-cvtres.write.1.tlog
D:\Ohlberg\02_Diplomarbeit\30_visualStudio\classificationClient_120613\robokid_control\Debug\link.3708.read.1.tlog
D:\Ohlberg\02_Diplomarbeit\30_visualStudio\classificationClient_120613\robokid_control\Debug\link.3708.write.1.tlog
D:\Ohlberg\02_Diplomarbeit\30_visualStudio\classificationClient_120613\robokid_control\Debug\link.3708-cvtres.read.1.tlog
D:\Ohlberg\02_Diplomarbeit\30_visualStudio\classificationClient_120613\robokid_control\Debug\link.3708-cvtres.write.1.tlog
D:\Ohlberg\02_Diplomarbeit\30_visualStudio\classificationClient_120613\robokid_control\Debug\link.3792.read.1.tlog
D:\Ohlberg\02_Diplomarbeit\30_visualStudio\classificationClient_120613\robokid_control\Debug\link.3792.write.1.tlog
D:\Ohlberg\02_Diplomarbeit\30_visualStudio\classificationClient_120613\robokid_control\Debug\link.3792-cvtres.read.1.tlog
D:\Ohlberg\02_Diplomarbeit\30_visualStudio\classificationClient_120613\robokid_control\Debug\link.3792-cvtres.write.1.tlog
D:\Ohlberg\02_Diplomarbeit\30_visualStudio\classificationClient_120613\robokid_control\Debug\link.4160.read.1.tlog
D:\Ohlberg\02_Diplomarbeit\30_visualStudio\classificationClient_120613\robokid_control\Debug\link.4160.write.1.tlog
D:\Ohlberg\02_Diplomarbeit\30_visualStudio\classificationClient_120613\robokid_control\Debug\link.4160-cvtres.read.1.tlog
D:\Ohlberg\02_Diplomarbeit\30_visualStudio\classificationClient_120613\robokid_control\Debug\link.4160-cvtres.write.1.tlog
D:\Ohlberg\02_Diplomarbeit\30_visualStudio\classificationClient_120613\robokid_control\Debug\link.4300.read.1.tlog
D:\Ohlberg\02_Diplomarbeit\30_visualStudio\classificationClient_120613\robokid_control\Debug\link.4300.write.1.tlog
D:\Ohlberg\02_Diplomarbeit\30_visualStudio\classificationClient_120613\robokid_control\Debug\link.4300-cvtres.read.1.tlog
D:\Ohlberg\02_Diplomarbeit\30_visualStudio\classificationClient_120613\robokid_control\Debug\link.4300-cvtres.write.1.tlog
D:\Ohlberg\02_Diplomarbeit\30_visualStudio\classificationClient_120613\robokid_control\Debug\link.4808.read.1.tlog
D:\Ohlberg\02_Diplomarbeit\30_visualStudio\classificationClient_120613\robokid_control\Debug\link.4808.write.1.tlog
D:\Ohlberg\02_Diplomarbeit\30_visualStudio\classificationClient_120613\robokid_control\Debug\link.4808-cvtres.read.1.tlog
D:\Ohlberg\02_Diplomarbeit\30_visualStudio\classificationClient_120613\robokid_control\Debug\link.4808-cvtres.write.1.tlog
D:\Ohlberg\02_Diplomarbeit\30_visualStudio\classificationClient_120613\robokid_control\Debug\link.5036.read.1.tlog
D:\Ohlberg\02_Diplomarbeit\30_visualStudio\classificationClient_120613\robokid_control\Debug\link.5036.write.1.tlog
D:\Ohlberg\02_Diplomarbeit\30_visualStudio\classificationClient_120613\robokid_control\Debug\link.5036-cvtres.read.1.tlog
D:\Ohlberg\02_Diplomarbeit\30_visualStudio\classificationClient_120613\robokid_control\Debug\link.5036-cvtres.write.1.tlog
D:\Ohlberg\02_Diplomarbeit\30_visualStudio\classificationClient_120613\robokid_control\Debug\link.5752.read.1.tlog
D:\Ohlberg\02_Diplomarbeit\30_visualStudio\classificationClient_120613\robokid_control\Debug\link.5752.write.1.tlog
D:\Ohlberg\02_Diplomarbeit\30_visualStudio\classificationClient_120613\robokid_control\Debug\link.5752-cvtres.read.1.tlog
D:\Ohlberg\02_Diplomarbeit\30_visualStudio\classificationClient_120613\robokid_control\Debug\link.5752-cvtres.write.1.tlog
D:\Ohlberg\02_Diplomarbeit\30_visualStudio\classificationClient_120613\robokid_control\Debug\link.5800.read.1.tlog
D:\Ohlberg\02_Diplomarbeit\30_visualStudio\classificationClient_120613\robokid_control\Debug\link.5800.write.1.tlog
D:\Ohlberg\02_Diplomarbeit\30_visualStudio\classificationClient_120613\robokid_control\Debug\link.5800-cvtres.read.1.tlog
D:\Ohlberg\02_Diplomarbeit\30_visualStudio\classificationClient_120613\robokid_control\Debug\link.5800-cvtres.write.1.tlog
D:\Ohlberg\02_Diplomarbeit\30_visualStudio\classificationClient_120613\robokid_control\Debug\link.command.1.tlog
D:\Ohlberg\02_Diplomarbeit\30_visualStudio\classificationClient_120613\robokid_control\Debug\link.read.1.tlog
D:\Ohlberg\02_Diplomarbeit\30_visualStudio\classificationClient_120613\robokid_control\Debug\link.write.1.tlog
D:\OHLBERG\02_DIPLOMARBEIT\30_VISUALSTUDIO\CLASSIFICATIONCLIENT_120613\ROBOKID_CONTROL\DEBUG\MAPFORM.OBJ
D:\Ohlberg\02_Diplomarbeit\30_visualStudio\classificationClient_120613\robokid_control\Debug\mso.tlh
D:\Ohlberg\02_Diplomarbeit\30_visualStudio\classificationClient_120613\robokid_control\Debug\mso.tli
D:\Ohlberg\02_Diplomarbeit\30_visualStudio\classificationClient_120613\robokid_control\Debug\mt.command.1.tlog
D:\Ohlberg\02_Diplomarbeit\30_visualStudio\classificationClient_120613\robokid_control\Debug\mt.read.1.tlog
D:\Ohlberg\02_Diplomarbeit\30_visualStudio\classificationClient_120613\robokid_control\Debug\mt.write.1.tlog
D:\Ohlberg\02_Diplomarbeit\30_visualStudio\classificationClient_120613\robokid_control\Debug\rc.command.1.tlog
D:\Ohlberg\02_Diplomarbeit\30_visualStudio\classificationClient_120613\robokid_control\Debug\rc.read.1.tlog
D:\Ohlberg\02_Diplomarbeit\30_visualStudio\classificationClient_120613\robokid_control\Debug\rc.write.1.tlog
D:\OHLBERG\02_DIPLOMARBEIT\30_VISUALSTUDIO\CLASSIFICATIONCLIENT_120613\ROBOKID_CONTROL\DEBUG\ROBOKID_CONTROL.FORM1.RESOURCES
D:\OHLBERG\02_DIPLOMARBEIT\30_VISUALSTUDIO\CLASSIFICATIONCLIENT_120613\ROBOKID_CONTROL\DEBUG\ROBOKID_CONTROL.MAPFORM.RESOURCES
D:\OHLBERG\02_DIPLOMARBEIT\30_VISUALSTUDIO\CLASSIFICATIONCLIENT_120613\ROBOKID_CONTROL\DEBUG\ROBOKID_CONTROL.SHOWSTATISTICSFORM.RESOURCES
D:\Ohlberg\02_Diplomarbeit\30_visualStudio\classificationClient_120613\robokid_control\Debug\robokid_control.vcxproj.ResolveComReference.cache
D:\OHLBERG\02_DIPLOMARBEIT\30_VISUALSTUDIO\CLASSIFICATIONCLIENT_120613\ROBOKID_CONTROL\DEBUG\SHOWSTATISTICSFORM.OBJ
D:\OHLBERG\02_DIPLOMARBEIT\30_VISUALSTUDIO\CLASSIFICATIONCLIENT_120613\ROBOKID_CONTROL\DEBUG\STDAFX.OBJ
D:\Ohlberg\02_Diplomarbeit\30_visualStudio\classificationClient_120613\robokid_control\Debug\vbe6ext.tlh
D:\Ohlberg\02_Diplomarbeit\30_visualStudio\classificationClient_120613\robokid_control\Debug\vbe6ext.tli
D:\OHLBERG\02_DIPLOMARBEIT\30_VISUALSTUDIO\CLASSIFICATIONCLIENT_120613\ROBOKID_CONTROL\DEBUG\VC100.PDB
