Der Buildvorgang wurde am 12.11.2011 11:57:24 gestartet.
     1>Projekt "E:\Buero_111030\MScEmbeddedSystems\Dissertation\visualStudio\robokid_control_111111\robokid_control\robokid_control.vcxproj" auf Knoten "2", build Ziel(e).
     1>InitializeBuildStatus:
         "Release\robokid_control.unsuccessfulbuild" wird erstellt, da "AlwaysCreate" angegeben wurde.
       GenerateTargetFrameworkMonikerAttribute:
       Das Ziel "GenerateTargetFrameworkMonikerAttribute" wird übersprungen, da alle Ausgabedateien hinsichtlich der Eingabedateien aktuell sind.
       ClCompile:
         Alle Ausgaben sind aktuell.
         Alle Ausgaben sind aktuell.
         Alle Ausgaben sind aktuell.
       CoreResGen:
         Alle Ausgaben sind aktuell.
       ResourceCompile:
         Alle Ausgaben sind aktuell.
       Link:
         Alle Ausgaben sind aktuell.
         robokid_control.vcxproj -> E:\Buero_111030\MScEmbeddedSystems\Dissertation\visualStudio\robokid_control_111111\Release\robokid_control.exe
       FinalizeBuildStatus:
         Die Datei "Release\robokid_control.unsuccessfulbuild" wird gelöscht.
         Aktualisieren des Timestamps von "Release\robokid_control.lastbuildstate".
     1>Die Erstellung des Projekts "E:\Buero_111030\MScEmbeddedSystems\Dissertation\visualStudio\robokid_control_111111\robokid_control\robokid_control.vcxproj" ist abgeschlossen, build Ziel(e).

Das Erstellen war erfolgreich.

Verstrichene Zeit 00:00:00.10
